<?xml version="1.0" encoding="UTF-8"?>
<testng-results skipped="0" failed="0" total="1" passed="1">
  <reporter-output>
  </reporter-output>
  <suite name="Suite" duration-ms="63926" started-at="2019-07-31T14:37:32Z" finished-at="2019-07-31T14:38:36Z">
    <groups>
      <group name="cucumber">
        <method signature="TestRunner.feature(cucumber.api.testng.CucumberFeatureWrapper)[pri:0, instance:TestRunner@3a03464]" name="feature" class="TestRunner"/>
      </group>
    </groups>
    <test name="Test" duration-ms="63926" started-at="2019-07-31T14:37:32Z" finished-at="2019-07-31T14:38:36Z">
      <class name="TestRunner">
        <test-method status="PASS" signature="setUpClass()[pri:0, instance:TestRunner@3a03464]" name="setUpClass" is-config="true" duration-ms="338" started-at="2019-07-31T14:37:32Z" finished-at="2019-07-31T14:37:32Z">
        </test-method>
        <test-method status="PASS" signature="feature(cucumber.api.testng.CucumberFeatureWrapper)[pri:0, instance:TestRunner@3a03464]" name="feature" duration-ms="63454" started-at="2019-07-31T14:37:32Z" description="Runs Cucumber Feature" finished-at="2019-07-31T14:38:36Z">
          <params>
            <param index="0">
              <value>
                <![CDATA[Hotel Booking (Search)]]>
              </value>
            </param>
          </params>
        </test-method>
        <test-method status="PASS" signature="tearDownClass()[pri:0, instance:TestRunner@3a03464]" name="tearDownClass" is-config="true" duration-ms="18" started-at="2019-07-31T14:38:36Z" finished-at="2019-07-31T14:38:36Z">
        </test-method>
      </class>
    </test>
  </suite>
</testng-results>
